<?xml version="1.0" encoding="UTF-8"?>
<!-- Generated by org.testng.reporters.JUnitXMLReporter -->
<testsuite ignored="0" hostname="K10185" failures="1" tests="1" name="Test" time="0.031" errors="0" timestamp="2022-05-19T21:44:29 IST">
  <testcase classname="com.tmb.tests.CreateUserTest" name="createUserTest" time="0.0">
    <failure type="org.testng.TestNGException" message="
Method public void com.tmb.tests.CreateUserTest.createUserTest(com.tmb.pojos.User) requires a @DataProvider named : getData">
      <![CDATA[org.testng.TestNGException: 
Method public void com.tmb.tests.CreateUserTest.createUserTest(com.tmb.pojos.User) requires a @DataProvider named : getData
at java.base/java.util.ArrayList.forEach(ArrayList.java:1511)
... Removed 24 stack frames]]>
    </failure>
  </testcase> <!-- createUserTest -->
</testsuite> <!-- Test -->
